\BOOKMARK [0][-]{chapter.1}{\376\377\000p\000i\000p\000e\000l\000i\000n\000e\000.\000h\000.\000c\000l\000i}{}% 1
\BOOKMARK [1][-]{section.1.1}{\376\377\000p\000i\000p\000e\000l\000i\000n\000e\000.\000h\000.\000c\000l\000i\000.\000h\000\137\000a\000p\000p\000l\000y\000c\000a\000l}{chapter.1}% 2
\BOOKMARK [1][-]{section.1.2}{\376\377\000p\000i\000p\000e\000l\000i\000n\000e\000.\000h\000.\000c\000l\000i\000.\000h\000\137\000e\000x\000p\000o\000r\000t\000\137\000c\000a\000l\000s\000t\000a\000t\000e}{chapter.1}% 3
\BOOKMARK [1][-]{section.1.3}{\376\377\000p\000i\000p\000e\000l\000i\000n\000e\000.\000h\000.\000c\000l\000i\000.\000h\000\137\000e\000x\000p\000o\000r\000t\000d\000a\000t\000a}{chapter.1}% 4
\BOOKMARK [1][-]{section.1.4}{\376\377\000p\000i\000p\000e\000l\000i\000n\000e\000.\000h\000.\000c\000l\000i\000.\000h\000\137\000i\000m\000p\000o\000r\000t\000\137\000c\000a\000l\000s\000t\000a\000t\000e}{chapter.1}% 5
\BOOKMARK [1][-]{section.1.5}{\376\377\000p\000i\000p\000e\000l\000i\000n\000e\000.\000h\000.\000c\000l\000i\000.\000h\000\137\000i\000m\000p\000o\000r\000t\000d\000a\000t\000a}{chapter.1}% 6
\BOOKMARK [1][-]{section.1.6}{\376\377\000p\000i\000p\000e\000l\000i\000n\000e\000.\000h\000.\000c\000l\000i\000.\000h\000\137\000i\000n\000i\000t}{chapter.1}% 7
\BOOKMARK [1][-]{section.1.7}{\376\377\000p\000i\000p\000e\000l\000i\000n\000e\000.\000h\000.\000c\000l\000i\000.\000h\000\137\000m\000s\000s\000p\000l\000i\000t}{chapter.1}% 8
\BOOKMARK [1][-]{section.1.8}{\376\377\000p\000i\000p\000e\000l\000i\000n\000e\000.\000h\000.\000c\000l\000i\000.\000h\000\137\000r\000e\000s\000t\000o\000r\000e\000d\000a\000t\000a}{chapter.1}% 9
\BOOKMARK [1][-]{section.1.9}{\376\377\000p\000i\000p\000e\000l\000i\000n\000e\000.\000h\000.\000c\000l\000i\000.\000h\000\137\000r\000e\000s\000u\000m\000e}{chapter.1}% 10
\BOOKMARK [1][-]{section.1.10}{\376\377\000p\000i\000p\000e\000l\000i\000n\000e\000.\000h\000.\000c\000l\000i\000.\000h\000\137\000s\000a\000v\000e}{chapter.1}% 11
\BOOKMARK [1][-]{section.1.11}{\376\377\000p\000i\000p\000e\000l\000i\000n\000e\000.\000h\000.\000c\000l\000i\000.\000h\000\137\000s\000h\000o\000w\000\137\000c\000a\000l\000s\000t\000a\000t\000e}{chapter.1}% 12
\BOOKMARK [1][-]{section.1.12}{\376\377\000p\000i\000p\000e\000l\000i\000n\000e\000.\000h\000.\000c\000l\000i\000.\000h\000\137\000t\000s\000y\000s\000c\000a\000l}{chapter.1}% 13
\BOOKMARK [1][-]{section.1.13}{\376\377\000p\000i\000p\000e\000l\000i\000n\000e\000.\000h\000.\000c\000l\000i\000.\000h\000\137\000w\000e\000b\000l\000o\000g}{chapter.1}% 14
\BOOKMARK [1][-]{section.1.14}{\376\377\000p\000i\000p\000e\000l\000i\000n\000e\000.\000h\000.\000c\000l\000i\000.\000c\000l\000i}{chapter.1}% 15
\BOOKMARK [1][-]{section.1.15}{\376\377\000p\000i\000p\000e\000l\000i\000n\000e\000.\000h\000.\000c\000l\000i\000.\000u\000t\000i\000l\000s}{chapter.1}% 16
\BOOKMARK [2][-]{subsection.1.15.1}{\376\377\000p\000i\000p\000e\000l\000i\000n\000e\000.\000h\000.\000c\000l\000i\000.\000u\000t\000i\000l\000s\000.\000c\000l\000i\000\137\000w\000r\000a\000p\000p\000e\000r}{section.1.15}% 17
\BOOKMARK [2][-]{subsection.1.15.2}{\376\377\000p\000i\000p\000e\000l\000i\000n\000e\000.\000h\000.\000c\000l\000i\000.\000u\000t\000i\000l\000s\000.\000e\000x\000e\000c\000u\000t\000e\000\137\000t\000a\000s\000k}{section.1.15}% 18
\BOOKMARK [2][-]{subsection.1.15.3}{\376\377\000p\000i\000p\000e\000l\000i\000n\000e\000.\000h\000.\000c\000l\000i\000.\000u\000t\000i\000l\000s\000.\000g\000e\000t\000\137\000c\000o\000n\000t\000e\000x\000t}{section.1.15}% 19
\BOOKMARK [2][-]{subsection.1.15.4}{\376\377\000p\000i\000p\000e\000l\000i\000n\000e\000.\000h\000.\000c\000l\000i\000.\000u\000t\000i\000l\000s\000.\000g\000e\000t\000\137\000h\000e\000u\000r\000i\000s\000t\000i\000c}{section.1.15}% 20
\BOOKMARK [2][-]{subsection.1.15.5}{\376\377\000p\000i\000p\000e\000l\000i\000n\000e\000.\000h\000.\000c\000l\000i\000.\000u\000t\000i\000l\000s\000.\000g\000e\000t\000\137\000m\000s}{section.1.15}% 21
\BOOKMARK [2][-]{subsection.1.15.6}{\376\377\000p\000i\000p\000e\000l\000i\000n\000e\000.\000h\000.\000c\000l\000i\000.\000u\000t\000i\000l\000s\000.\000g\000e\000t\000\137\000o\000u\000t\000p\000u\000t\000\137\000d\000i\000r}{section.1.15}% 22
\BOOKMARK [2][-]{subsection.1.15.7}{\376\377\000p\000i\000p\000e\000l\000i\000n\000e\000.\000h\000.\000c\000l\000i\000.\000u\000t\000i\000l\000s\000.\000w\000r\000a\000p\000s}{section.1.15}% 23
\BOOKMARK [0][-]{chapter.2}{\376\377\000p\000i\000p\000e\000l\000i\000n\000e\000.\000h\000i\000f\000.\000c\000l\000i}{}% 24
\BOOKMARK [1][-]{section.2.1}{\376\377\000p\000i\000p\000e\000l\000i\000n\000e\000.\000h\000i\000f\000.\000c\000l\000i\000.\000h\000i\000f\000\137\000a\000n\000a\000l\000y\000z\000e\000a\000l\000p\000h\000a}{chapter.2}% 25
\BOOKMARK [1][-]{section.2.2}{\376\377\000p\000i\000p\000e\000l\000i\000n\000e\000.\000h\000i\000f\000.\000c\000l\000i\000.\000h\000i\000f\000\137\000a\000n\000t\000p\000o\000s}{chapter.2}% 26
\BOOKMARK [1][-]{section.2.3}{\376\377\000p\000i\000p\000e\000l\000i\000n\000e\000.\000h\000i\000f\000.\000c\000l\000i\000.\000h\000i\000f\000\137\000a\000p\000p\000l\000y\000c\000a\000l}{chapter.2}% 27
\BOOKMARK [1][-]{section.2.4}{\376\377\000p\000i\000p\000e\000l\000i\000n\000e\000.\000h\000i\000f\000.\000c\000l\000i\000.\000h\000i\000f\000\137\000b\000a\000n\000d\000p\000a\000s\000s}{chapter.2}% 28
\BOOKMARK [1][-]{section.2.5}{\376\377\000p\000i\000p\000e\000l\000i\000n\000e\000.\000h\000i\000f\000.\000c\000l\000i\000.\000h\000i\000f\000\137\000c\000h\000e\000c\000k\000p\000r\000o\000d\000u\000c\000t\000s\000i\000z\000e}{chapter.2}% 29
\BOOKMARK [1][-]{section.2.6}{\376\377\000p\000i\000p\000e\000l\000i\000n\000e\000.\000h\000i\000f\000.\000c\000l\000i\000.\000h\000i\000f\000\137\000c\000o\000r\000r\000e\000c\000t\000e\000d\000a\000m\000p\000f\000l\000a\000g}{chapter.2}% 30
\BOOKMARK [1][-]{section.2.7}{\376\377\000p\000i\000p\000e\000l\000i\000n\000e\000.\000h\000i\000f\000.\000c\000l\000i\000.\000h\000i\000f\000\137\000e\000d\000i\000t\000i\000m\000l\000i\000s\000t}{chapter.2}% 31
\BOOKMARK [1][-]{section.2.8}{\376\377\000p\000i\000p\000e\000l\000i\000n\000e\000.\000h\000i\000f\000.\000c\000l\000i\000.\000h\000i\000f\000\137\000f\000i\000n\000d\000c\000o\000n\000t}{chapter.2}% 32
\BOOKMARK [1][-]{section.2.9}{\376\377\000p\000i\000p\000e\000l\000i\000n\000e\000.\000h\000i\000f\000.\000c\000l\000i\000.\000h\000i\000f\000\137\000g\000a\000i\000n\000c\000a\000l}{chapter.2}% 33
\BOOKMARK [1][-]{section.2.10}{\376\377\000p\000i\000p\000e\000l\000i\000n\000e\000.\000h\000i\000f\000.\000c\000l\000i\000.\000h\000i\000f\000\137\000l\000o\000w\000g\000a\000i\000n\000f\000l\000a\000g}{chapter.2}% 34
\BOOKMARK [1][-]{section.2.11}{\376\377\000p\000i\000p\000e\000l\000i\000n\000e\000.\000h\000i\000f\000.\000c\000l\000i\000.\000h\000i\000f\000\137\000m\000a\000k\000e\000c\000u\000t\000o\000u\000t\000i\000m\000a\000g\000e\000s}{chapter.2}% 35
\BOOKMARK [1][-]{section.2.12}{\376\377\000p\000i\000p\000e\000l\000i\000n\000e\000.\000h\000i\000f\000.\000c\000l\000i\000.\000h\000i\000f\000\137\000m\000a\000k\000e\000i\000m\000a\000g\000e\000s}{chapter.2}% 36
\BOOKMARK [1][-]{section.2.13}{\376\377\000p\000i\000p\000e\000l\000i\000n\000e\000.\000h\000i\000f\000.\000c\000l\000i\000.\000h\000i\000f\000\137\000m\000a\000k\000e\000i\000m\000l\000i\000s\000t}{chapter.2}% 37
\BOOKMARK [1][-]{section.2.14}{\376\377\000p\000i\000p\000e\000l\000i\000n\000e\000.\000h\000i\000f\000.\000c\000l\000i\000.\000h\000i\000f\000\137\000m\000a\000k\000e\000r\000m\000s\000i\000m\000a\000g\000e\000s}{chapter.2}% 38
\BOOKMARK [1][-]{section.2.15}{\376\377\000p\000i\000p\000e\000l\000i\000n\000e\000.\000h\000i\000f\000.\000c\000l\000i\000.\000h\000i\000f\000\137\000m\000s\000t\000r\000a\000n\000s\000f\000o\000r\000m}{chapter.2}% 39
\BOOKMARK [1][-]{section.2.16}{\376\377\000p\000i\000p\000e\000l\000i\000n\000e\000.\000h\000i\000f\000.\000c\000l\000i\000.\000h\000i\000f\000\137\000r\000a\000w\000f\000l\000a\000g\000c\000h\000a\000n\000s}{chapter.2}% 40
\BOOKMARK [1][-]{section.2.17}{\376\377\000p\000i\000p\000e\000l\000i\000n\000e\000.\000h\000i\000f\000.\000c\000l\000i\000.\000h\000i\000f\000\137\000r\000e\000f\000a\000n\000t}{chapter.2}% 41
\BOOKMARK [1][-]{section.2.18}{\376\377\000p\000i\000p\000e\000l\000i\000n\000e\000.\000h\000i\000f\000.\000c\000l\000i\000.\000h\000i\000f\000\137\000s\000e\000l\000f\000c\000a\000l}{chapter.2}% 42
\BOOKMARK [1][-]{section.2.19}{\376\377\000p\000i\000p\000e\000l\000i\000n\000e\000.\000h\000i\000f\000.\000c\000l\000i\000.\000h\000i\000f\000\137\000s\000e\000t\000j\000y}{chapter.2}% 43
\BOOKMARK [1][-]{section.2.20}{\376\377\000p\000i\000p\000e\000l\000i\000n\000e\000.\000h\000i\000f\000.\000c\000l\000i\000.\000h\000i\000f\000\137\000s\000e\000t\000m\000o\000d\000e\000l\000s}{chapter.2}% 44
\BOOKMARK [1][-]{section.2.21}{\376\377\000p\000i\000p\000e\000l\000i\000n\000e\000.\000h\000i\000f\000.\000c\000l\000i\000.\000h\000i\000f\000\137\000t\000r\000a\000n\000s\000f\000o\000r\000m\000i\000m\000a\000g\000e\000d\000a\000t\000a}{chapter.2}% 45
\BOOKMARK [1][-]{section.2.22}{\376\377\000p\000i\000p\000e\000l\000i\000n\000e\000.\000h\000i\000f\000.\000c\000l\000i\000.\000h\000i\000f\000\137\000u\000v\000c\000o\000n\000t\000s\000u\000b}{chapter.2}% 46
\BOOKMARK [0][-]{chapter.3}{\376\377\000p\000i\000p\000e\000l\000i\000n\000e\000.\000h\000i\000f\000a\000.\000c\000l\000i}{}% 47
\BOOKMARK [1][-]{section.3.1}{\376\377\000p\000i\000p\000e\000l\000i\000n\000e\000.\000h\000i\000f\000a\000.\000c\000l\000i\000.\000h\000i\000f\000a\000\137\000a\000n\000t\000p\000o\000s}{chapter.3}% 48
\BOOKMARK [1][-]{section.3.2}{\376\377\000p\000i\000p\000e\000l\000i\000n\000e\000.\000h\000i\000f\000a\000.\000c\000l\000i\000.\000h\000i\000f\000a\000\137\000b\000a\000n\000d\000p\000a\000s\000s}{chapter.3}% 49
\BOOKMARK [1][-]{section.3.3}{\376\377\000p\000i\000p\000e\000l\000i\000n\000e\000.\000h\000i\000f\000a\000.\000c\000l\000i\000.\000h\000i\000f\000a\000\137\000b\000a\000n\000d\000p\000a\000s\000s\000f\000l\000a\000g}{chapter.3}% 50
\BOOKMARK [1][-]{section.3.4}{\376\377\000p\000i\000p\000e\000l\000i\000n\000e\000.\000h\000i\000f\000a\000.\000c\000l\000i\000.\000h\000i\000f\000a\000\137\000b\000p\000s\000o\000l\000i\000n\000t}{chapter.3}% 51
\BOOKMARK [1][-]{section.3.5}{\376\377\000p\000i\000p\000e\000l\000i\000n\000e\000.\000h\000i\000f\000a\000.\000c\000l\000i\000.\000h\000i\000f\000a\000\137\000d\000i\000f\000f\000g\000a\000i\000n\000c\000a\000l}{chapter.3}% 52
\BOOKMARK [1][-]{section.3.6}{\376\377\000p\000i\000p\000e\000l\000i\000n\000e\000.\000h\000i\000f\000a\000.\000c\000l\000i\000.\000h\000i\000f\000a\000\137\000e\000x\000p\000o\000r\000t\000d\000a\000t\000a}{chapter.3}% 53
\BOOKMARK [1][-]{section.3.7}{\376\377\000p\000i\000p\000e\000l\000i\000n\000e\000.\000h\000i\000f\000a\000.\000c\000l\000i\000.\000h\000i\000f\000a\000\137\000f\000l\000a\000g\000d\000a\000t\000a}{chapter.3}% 54
\BOOKMARK [1][-]{section.3.8}{\376\377\000p\000i\000p\000e\000l\000i\000n\000e\000.\000h\000i\000f\000a\000.\000c\000l\000i\000.\000h\000i\000f\000a\000\137\000f\000l\000a\000g\000t\000a\000r\000g\000e\000t\000s}{chapter.3}% 55
\BOOKMARK [1][-]{section.3.9}{\376\377\000p\000i\000p\000e\000l\000i\000n\000e\000.\000h\000i\000f\000a\000.\000c\000l\000i\000.\000h\000i\000f\000a\000\137\000f\000l\000u\000x\000c\000a\000l\000f\000l\000a\000g}{chapter.3}% 56
\BOOKMARK [1][-]{section.3.10}{\376\377\000p\000i\000p\000e\000l\000i\000n\000e\000.\000h\000i\000f\000a\000.\000c\000l\000i\000.\000h\000i\000f\000a\000\137\000g\000a\000i\000n\000c\000a\000l\000s\000n\000r}{chapter.3}% 57
\BOOKMARK [1][-]{section.3.11}{\376\377\000p\000i\000p\000e\000l\000i\000n\000e\000.\000h\000i\000f\000a\000.\000c\000l\000i\000.\000h\000i\000f\000a\000\137\000g\000f\000l\000u\000x\000s\000c\000a\000l\000e}{chapter.3}% 58
\BOOKMARK [1][-]{section.3.12}{\376\377\000p\000i\000p\000e\000l\000i\000n\000e\000.\000h\000i\000f\000a\000.\000c\000l\000i\000.\000h\000i\000f\000a\000\137\000g\000f\000l\000u\000x\000s\000c\000a\000l\000e\000f\000l\000a\000g}{chapter.3}% 59
\BOOKMARK [1][-]{section.3.13}{\376\377\000p\000i\000p\000e\000l\000i\000n\000e\000.\000h\000i\000f\000a\000.\000c\000l\000i\000.\000h\000i\000f\000a\000\137\000i\000m\000a\000g\000e\000p\000r\000e\000c\000h\000e\000c\000k}{chapter.3}% 60
\BOOKMARK [1][-]{section.3.14}{\376\377\000p\000i\000p\000e\000l\000i\000n\000e\000.\000h\000i\000f\000a\000.\000c\000l\000i\000.\000h\000i\000f\000a\000\137\000i\000m\000p\000o\000r\000t\000d\000a\000t\000a}{chapter.3}% 61
\BOOKMARK [1][-]{section.3.15}{\376\377\000p\000i\000p\000e\000l\000i\000n\000e\000.\000h\000i\000f\000a\000.\000c\000l\000i\000.\000h\000i\000f\000a\000\137\000l\000o\000c\000k\000\137\000r\000e\000f\000a\000n\000t}{chapter.3}% 62
\BOOKMARK [1][-]{section.3.16}{\376\377\000p\000i\000p\000e\000l\000i\000n\000e\000.\000h\000i\000f\000a\000.\000c\000l\000i\000.\000h\000i\000f\000a\000\137\000p\000o\000l\000c\000a\000l}{chapter.3}% 63
\BOOKMARK [1][-]{section.3.17}{\376\377\000p\000i\000p\000e\000l\000i\000n\000e\000.\000h\000i\000f\000a\000.\000c\000l\000i\000.\000h\000i\000f\000a\000\137\000p\000o\000l\000c\000a\000l\000f\000l\000a\000g}{chapter.3}% 64
\BOOKMARK [1][-]{section.3.18}{\376\377\000p\000i\000p\000e\000l\000i\000n\000e\000.\000h\000i\000f\000a\000.\000c\000l\000i\000.\000h\000i\000f\000a\000\137\000r\000e\000n\000o\000r\000m}{chapter.3}% 65
\BOOKMARK [1][-]{section.3.19}{\376\377\000p\000i\000p\000e\000l\000i\000n\000e\000.\000h\000i\000f\000a\000.\000c\000l\000i\000.\000h\000i\000f\000a\000\137\000r\000e\000s\000t\000o\000r\000e\000d\000a\000t\000a}{chapter.3}% 66
\BOOKMARK [1][-]{section.3.20}{\376\377\000p\000i\000p\000e\000l\000i\000n\000e\000.\000h\000i\000f\000a\000.\000c\000l\000i\000.\000h\000i\000f\000a\000\137\000s\000e\000s\000s\000i\000o\000n\000\137\000r\000e\000f\000a\000n\000t}{chapter.3}% 67
\BOOKMARK [1][-]{section.3.21}{\376\377\000p\000i\000p\000e\000l\000i\000n\000e\000.\000h\000i\000f\000a\000.\000c\000l\000i\000.\000h\000i\000f\000a\000\137\000s\000p\000w\000p\000h\000a\000s\000e\000u\000p}{chapter.3}% 68
\BOOKMARK [1][-]{section.3.22}{\376\377\000p\000i\000p\000e\000l\000i\000n\000e\000.\000h\000i\000f\000a\000.\000c\000l\000i\000.\000h\000i\000f\000a\000\137\000t\000a\000r\000g\000e\000t\000f\000l\000a\000g}{chapter.3}% 69
\BOOKMARK [1][-]{section.3.23}{\376\377\000p\000i\000p\000e\000l\000i\000n\000e\000.\000h\000i\000f\000a\000.\000c\000l\000i\000.\000h\000i\000f\000a\000\137\000t\000i\000m\000e\000g\000a\000i\000n\000c\000a\000l}{chapter.3}% 70
\BOOKMARK [1][-]{section.3.24}{\376\377\000p\000i\000p\000e\000l\000i\000n\000e\000.\000h\000i\000f\000a\000.\000c\000l\000i\000.\000h\000i\000f\000a\000\137\000t\000s\000y\000s\000f\000l\000a\000g}{chapter.3}% 71
\BOOKMARK [1][-]{section.3.25}{\376\377\000p\000i\000p\000e\000l\000i\000n\000e\000.\000h\000i\000f\000a\000.\000c\000l\000i\000.\000h\000i\000f\000a\000\137\000t\000s\000y\000s\000f\000l\000a\000g\000c\000o\000n\000t\000a\000m\000i\000n\000a\000t\000i\000o\000n}{chapter.3}% 72
\BOOKMARK [1][-]{section.3.26}{\376\377\000p\000i\000p\000e\000l\000i\000n\000e\000.\000h\000i\000f\000a\000.\000c\000l\000i\000.\000h\000i\000f\000a\000\137\000u\000n\000l\000o\000c\000k\000\137\000r\000e\000f\000a\000n\000t}{chapter.3}% 73
\BOOKMARK [1][-]{section.3.27}{\376\377\000p\000i\000p\000e\000l\000i\000n\000e\000.\000h\000i\000f\000a\000.\000c\000l\000i\000.\000h\000i\000f\000a\000\137\000w\000v\000r\000g\000c\000a\000l}{chapter.3}% 74
\BOOKMARK [1][-]{section.3.28}{\376\377\000p\000i\000p\000e\000l\000i\000n\000e\000.\000h\000i\000f\000a\000.\000c\000l\000i\000.\000h\000i\000f\000a\000\137\000w\000v\000r\000g\000c\000a\000l\000f\000l\000a\000g}{chapter.3}% 75
\BOOKMARK [0][-]{chapter.4}{\376\377\000p\000i\000p\000e\000l\000i\000n\000e\000.\000h\000i\000f\000v\000.\000c\000l\000i}{}% 76
\BOOKMARK [1][-]{section.4.1}{\376\377\000p\000i\000p\000e\000l\000i\000n\000e\000.\000h\000i\000f\000v\000.\000c\000l\000i\000.\000h\000i\000f\000v\000\137\000a\000n\000a\000l\000y\000z\000e\000s\000t\000o\000k\000e\000s\000c\000u\000b\000e\000s}{chapter.4}% 77
\BOOKMARK [1][-]{section.4.2}{\376\377\000p\000i\000p\000e\000l\000i\000n\000e\000.\000h\000i\000f\000v\000.\000c\000l\000i\000.\000h\000i\000f\000v\000\137\000a\000p\000p\000l\000y\000c\000a\000l\000s}{chapter.4}% 78
\BOOKMARK [1][-]{section.4.3}{\376\377\000p\000i\000p\000e\000l\000i\000n\000e\000.\000h\000i\000f\000v\000.\000c\000l\000i\000.\000h\000i\000f\000v\000\137\000c\000h\000e\000c\000k\000f\000l\000a\000g}{chapter.4}% 79
\BOOKMARK [1][-]{section.4.4}{\376\377\000p\000i\000p\000e\000l\000i\000n\000e\000.\000h\000i\000f\000v\000.\000c\000l\000i\000.\000h\000i\000f\000v\000\137\000c\000i\000r\000c\000f\000e\000e\000d\000p\000o\000l\000c\000a\000l}{chapter.4}% 80
\BOOKMARK [1][-]{section.4.5}{\376\377\000p\000i\000p\000e\000l\000i\000n\000e\000.\000h\000i\000f\000v\000.\000c\000l\000i\000.\000h\000i\000f\000v\000\137\000e\000x\000p\000o\000r\000t\000d\000a\000t\000a}{chapter.4}% 81
\BOOKMARK [1][-]{section.4.6}{\376\377\000p\000i\000p\000e\000l\000i\000n\000e\000.\000h\000i\000f\000v\000.\000c\000l\000i\000.\000h\000i\000f\000v\000\137\000e\000x\000p\000o\000r\000t\000v\000l\000a\000s\000s\000d\000a\000t\000a}{chapter.4}% 82
\BOOKMARK [1][-]{section.4.7}{\376\377\000p\000i\000p\000e\000l\000i\000n\000e\000.\000h\000i\000f\000v\000.\000c\000l\000i\000.\000h\000i\000f\000v\000\137\000f\000i\000n\000a\000l\000c\000a\000l\000s}{chapter.4}% 83
\BOOKMARK [1][-]{section.4.8}{\376\377\000p\000i\000p\000e\000l\000i\000n\000e\000.\000h\000i\000f\000v\000.\000c\000l\000i\000.\000h\000i\000f\000v\000\137\000f\000i\000x\000p\000o\000i\000n\000t\000i\000n\000g}{chapter.4}% 84
\BOOKMARK [1][-]{section.4.9}{\376\377\000p\000i\000p\000e\000l\000i\000n\000e\000.\000h\000i\000f\000v\000.\000c\000l\000i\000.\000h\000i\000f\000v\000\137\000f\000l\000a\000g\000c\000a\000l}{chapter.4}% 85
\BOOKMARK [1][-]{section.4.10}{\376\377\000p\000i\000p\000e\000l\000i\000n\000e\000.\000h\000i\000f\000v\000.\000c\000l\000i\000.\000h\000i\000f\000v\000\137\000f\000l\000a\000g\000d\000a\000t\000a}{chapter.4}% 86
\BOOKMARK [1][-]{section.4.11}{\376\377\000p\000i\000p\000e\000l\000i\000n\000e\000.\000h\000i\000f\000v\000.\000c\000l\000i\000.\000h\000i\000f\000v\000\137\000f\000l\000a\000g\000t\000a\000r\000g\000e\000t\000s\000d\000a\000t\000a}{chapter.4}% 87
\BOOKMARK [1][-]{section.4.12}{\376\377\000p\000i\000p\000e\000l\000i\000n\000e\000.\000h\000i\000f\000v\000.\000c\000l\000i\000.\000h\000i\000f\000v\000\137\000f\000l\000u\000x\000b\000o\000o\000t}{chapter.4}% 88
\BOOKMARK [1][-]{section.4.13}{\376\377\000p\000i\000p\000e\000l\000i\000n\000e\000.\000h\000i\000f\000v\000.\000c\000l\000i\000.\000h\000i\000f\000v\000\137\000g\000a\000i\000n\000c\000u\000r\000v\000e\000s}{chapter.4}% 89
\BOOKMARK [1][-]{section.4.14}{\376\377\000p\000i\000p\000e\000l\000i\000n\000e\000.\000h\000i\000f\000v\000.\000c\000l\000i\000.\000h\000i\000f\000v\000\137\000h\000a\000n\000n\000i\000n\000g}{chapter.4}% 90
\BOOKMARK [1][-]{section.4.15}{\376\377\000p\000i\000p\000e\000l\000i\000n\000e\000.\000h\000i\000f\000v\000.\000c\000l\000i\000.\000h\000i\000f\000v\000\137\000i\000m\000p\000o\000r\000t\000d\000a\000t\000a}{chapter.4}% 91
\BOOKMARK [1][-]{section.4.16}{\376\377\000p\000i\000p\000e\000l\000i\000n\000e\000.\000h\000i\000f\000v\000.\000c\000l\000i\000.\000h\000i\000f\000v\000\137\000m\000s\000t\000r\000a\000n\000s\000f\000o\000r\000m}{chapter.4}% 92
\BOOKMARK [1][-]{section.4.17}{\376\377\000p\000i\000p\000e\000l\000i\000n\000e\000.\000h\000i\000f\000v\000.\000c\000l\000i\000.\000h\000i\000f\000v\000\137\000o\000p\000c\000a\000l}{chapter.4}% 93
\BOOKMARK [1][-]{section.4.18}{\376\377\000p\000i\000p\000e\000l\000i\000n\000e\000.\000h\000i\000f\000v\000.\000c\000l\000i\000.\000h\000i\000f\000v\000\137\000p\000b\000c\000o\000r}{chapter.4}% 94
\BOOKMARK [1][-]{section.4.19}{\376\377\000p\000i\000p\000e\000l\000i\000n\000e\000.\000h\000i\000f\000v\000.\000c\000l\000i\000.\000h\000i\000f\000v\000\137\000p\000l\000o\000t\000s\000u\000m\000m\000a\000r\000y}{chapter.4}% 95
\BOOKMARK [1][-]{section.4.20}{\376\377\000p\000i\000p\000e\000l\000i\000n\000e\000.\000h\000i\000f\000v\000.\000c\000l\000i\000.\000h\000i\000f\000v\000\137\000p\000r\000i\000o\000r\000c\000a\000l\000s}{chapter.4}% 96
\BOOKMARK [1][-]{section.4.21}{\376\377\000p\000i\000p\000e\000l\000i\000n\000e\000.\000h\000i\000f\000v\000.\000c\000l\000i\000.\000h\000i\000f\000v\000\137\000r\000e\000s\000t\000o\000r\000e\000d\000a\000t\000a}{chapter.4}% 97
\BOOKMARK [1][-]{section.4.22}{\376\377\000p\000i\000p\000e\000l\000i\000n\000e\000.\000h\000i\000f\000v\000.\000c\000l\000i\000.\000h\000i\000f\000v\000\137\000r\000e\000s\000t\000o\000r\000e\000p\000i\000m\000s}{chapter.4}% 98
\BOOKMARK [1][-]{section.4.23}{\376\377\000p\000i\000p\000e\000l\000i\000n\000e\000.\000h\000i\000f\000v\000.\000c\000l\000i\000.\000h\000i\000f\000v\000\137\000r\000q\000c\000a\000l}{chapter.4}% 99
\BOOKMARK [1][-]{section.4.24}{\376\377\000p\000i\000p\000e\000l\000i\000n\000e\000.\000h\000i\000f\000v\000.\000c\000l\000i\000.\000h\000i\000f\000v\000\137\000s\000e\000l\000f\000c\000a\000l}{chapter.4}% 100
\BOOKMARK [1][-]{section.4.25}{\376\377\000p\000i\000p\000e\000l\000i\000n\000e\000.\000h\000i\000f\000v\000.\000c\000l\000i\000.\000h\000i\000f\000v\000\137\000s\000e\000m\000i\000F\000i\000n\000a\000l\000B\000P\000d\000c\000a\000l\000s}{chapter.4}% 101
\BOOKMARK [1][-]{section.4.26}{\376\377\000p\000i\000p\000e\000l\000i\000n\000e\000.\000h\000i\000f\000v\000.\000c\000l\000i\000.\000h\000i\000f\000v\000\137\000s\000o\000l\000i\000n\000t}{chapter.4}% 102
\BOOKMARK [1][-]{section.4.27}{\376\377\000p\000i\000p\000e\000l\000i\000n\000e\000.\000h\000i\000f\000v\000.\000c\000l\000i\000.\000h\000i\000f\000v\000\137\000s\000t\000a\000t\000w\000t}{chapter.4}% 103
\BOOKMARK [1][-]{section.4.28}{\376\377\000p\000i\000p\000e\000l\000i\000n\000e\000.\000h\000i\000f\000v\000.\000c\000l\000i\000.\000h\000i\000f\000v\000\137\000s\000w\000p\000o\000w\000c\000a\000l}{chapter.4}% 104
\BOOKMARK [1][-]{section.4.29}{\376\377\000p\000i\000p\000e\000l\000i\000n\000e\000.\000h\000i\000f\000v\000.\000c\000l\000i\000.\000h\000i\000f\000v\000\137\000s\000y\000s\000p\000o\000w\000e\000r}{chapter.4}% 105
\BOOKMARK [1][-]{section.4.30}{\376\377\000p\000i\000p\000e\000l\000i\000n\000e\000.\000h\000i\000f\000v\000.\000c\000l\000i\000.\000h\000i\000f\000v\000\137\000t\000a\000r\000g\000e\000t\000f\000l\000a\000g}{chapter.4}% 106
\BOOKMARK [1][-]{section.4.31}{\376\377\000p\000i\000p\000e\000l\000i\000n\000e\000.\000h\000i\000f\000v\000.\000c\000l\000i\000.\000h\000i\000f\000v\000\137\000t\000e\000c\000m\000a\000p\000s}{chapter.4}% 107
\BOOKMARK [1][-]{section.4.32}{\376\377\000p\000i\000p\000e\000l\000i\000n\000e\000.\000h\000i\000f\000v\000.\000c\000l\000i\000.\000h\000i\000f\000v\000\137\000t\000e\000s\000t\000B\000P\000d\000c\000a\000l\000s}{chapter.4}% 108
\BOOKMARK [1][-]{section.4.33}{\376\377\000p\000i\000p\000e\000l\000i\000n\000e\000.\000h\000i\000f\000v\000.\000c\000l\000i\000.\000h\000i\000f\000v\000\137\000v\000l\000a\000s\000e\000t\000j\000y}{chapter.4}% 109
\BOOKMARK [1][-]{section.4.34}{\376\377\000p\000i\000p\000e\000l\000i\000n\000e\000.\000h\000i\000f\000v\000.\000c\000l\000i\000.\000h\000i\000f\000v\000\137\000v\000l\000a\000s\000s\000m\000a\000s\000k\000i\000n\000g}{chapter.4}% 110
\BOOKMARK [0][-]{chapter.5}{\376\377\000p\000i\000p\000e\000l\000i\000n\000e\000.\000h\000s\000d\000.\000c\000l\000i}{}% 111
\BOOKMARK [1][-]{section.5.1}{\376\377\000p\000i\000p\000e\000l\000i\000n\000e\000.\000h\000s\000d\000.\000c\000l\000i\000.\000h\000s\000d\000\137\000a\000p\000p\000l\000y\000c\000a\000l}{chapter.5}% 112
\BOOKMARK [1][-]{section.5.2}{\376\377\000p\000i\000p\000e\000l\000i\000n\000e\000.\000h\000s\000d\000.\000c\000l\000i\000.\000h\000s\000d\000\137\000a\000t\000m\000c\000o\000r}{chapter.5}% 113
\BOOKMARK [1][-]{section.5.3}{\376\377\000p\000i\000p\000e\000l\000i\000n\000e\000.\000h\000s\000d\000.\000c\000l\000i\000.\000h\000s\000d\000\137\000b\000a\000s\000e\000l\000i\000n\000e}{chapter.5}% 114
\BOOKMARK [1][-]{section.5.4}{\376\377\000p\000i\000p\000e\000l\000i\000n\000e\000.\000h\000s\000d\000.\000c\000l\000i\000.\000h\000s\000d\000\137\000b\000l\000f\000l\000a\000g}{chapter.5}% 115
\BOOKMARK [1][-]{section.5.5}{\376\377\000p\000i\000p\000e\000l\000i\000n\000e\000.\000h\000s\000d\000.\000c\000l\000i\000.\000h\000s\000d\000\137\000e\000x\000p\000o\000r\000t\000d\000a\000t\000a}{chapter.5}% 116
\BOOKMARK [1][-]{section.5.6}{\376\377\000p\000i\000p\000e\000l\000i\000n\000e\000.\000h\000s\000d\000.\000c\000l\000i\000.\000h\000s\000d\000\137\000f\000l\000a\000g\000d\000a\000t\000a}{chapter.5}% 117
\BOOKMARK [1][-]{section.5.7}{\376\377\000p\000i\000p\000e\000l\000i\000n\000e\000.\000h\000s\000d\000.\000c\000l\000i\000.\000h\000s\000d\000\137\000i\000m\000a\000g\000i\000n\000g}{chapter.5}% 118
\BOOKMARK [1][-]{section.5.8}{\376\377\000p\000i\000p\000e\000l\000i\000n\000e\000.\000h\000s\000d\000.\000c\000l\000i\000.\000h\000s\000d\000\137\000i\000m\000p\000o\000r\000t\000d\000a\000t\000a}{chapter.5}% 119
\BOOKMARK [1][-]{section.5.9}{\376\377\000p\000i\000p\000e\000l\000i\000n\000e\000.\000h\000s\000d\000.\000c\000l\000i\000.\000h\000s\000d\000\137\000k\0002\000j\000y\000c\000a\000l}{chapter.5}% 120
\BOOKMARK [1][-]{section.5.10}{\376\377\000p\000i\000p\000e\000l\000i\000n\000e\000.\000h\000s\000d\000.\000c\000l\000i\000.\000h\000s\000d\000\137\000r\000e\000s\000t\000o\000r\000e\000d\000a\000t\000a}{chapter.5}% 121
\BOOKMARK [1][-]{section.5.11}{\376\377\000p\000i\000p\000e\000l\000i\000n\000e\000.\000h\000s\000d\000.\000c\000l\000i\000.\000h\000s\000d\000\137\000s\000k\000y\000c\000a\000l}{chapter.5}% 122
\BOOKMARK [1][-]{section.5.12}{\376\377\000p\000i\000p\000e\000l\000i\000n\000e\000.\000h\000s\000d\000.\000c\000l\000i\000.\000h\000s\000d\000\137\000t\000s\000y\000s\000f\000l\000a\000g}{chapter.5}% 123
\BOOKMARK [0][-]{chapter.6}{\376\377\000p\000i\000p\000e\000l\000i\000n\000e\000.\000h\000s\000d\000n\000.\000c\000l\000i}{}% 124
\BOOKMARK [1][-]{section.6.1}{\376\377\000p\000i\000p\000e\000l\000i\000n\000e\000.\000h\000s\000d\000n\000.\000c\000l\000i\000.\000h\000s\000d\000n\000\137\000e\000x\000p\000o\000r\000t\000d\000a\000t\000a}{chapter.6}% 125
\BOOKMARK [1][-]{section.6.2}{\376\377\000p\000i\000p\000e\000l\000i\000n\000e\000.\000h\000s\000d\000n\000.\000c\000l\000i\000.\000h\000s\000d\000n\000\137\000i\000m\000p\000o\000r\000t\000d\000a\000t\000a}{chapter.6}% 126
\BOOKMARK [1][-]{section.6.3}{\376\377\000p\000i\000p\000e\000l\000i\000n\000e\000.\000h\000s\000d\000n\000.\000c\000l\000i\000.\000h\000s\000d\000n\000\137\000r\000e\000s\000t\000o\000r\000e\000d\000a\000t\000a}{chapter.6}% 127
\BOOKMARK [0][-]{chapter.7}{\376\377\000I\000n\000d\000i\000c\000e\000s\000\040\000a\000n\000d\000\040\000t\000a\000b\000l\000e\000s}{}% 128
\BOOKMARK [0][-]{section*.122}{\376\377\000P\000y\000t\000h\000o\000n\000\040\000M\000o\000d\000u\000l\000e\000\040\000I\000n\000d\000e\000x}{}% 129
\BOOKMARK [0][-]{section*.123}{\376\377\000I\000n\000d\000e\000x}{}% 130
